<?xml version="1.0" encoding="UTF-8"?>
<testsuite xmlns:xsi="http://www.w3.org/2001/XMLSchema-instance" xsi:noNamespaceSchemaLocation="https://maven.apache.org/surefire/maven-surefire-plugin/xsd/surefire-test-report.xsd" version="3.0.2" name="com.ecommerce.order.repository.OrderRepositoryTest" time="7.263" tests="3" errors="0" skipped="0" failures="0">
  <properties>
[...]
</properties>
  <testcase name="testFindByStatus" classname="com.ecommerce.order.repository.OrderRepositoryTest" time="0.433">
    <system-out><![CDATA[2026-06-10 12:19:41 - Could not detect default configuration classes for test class [com.ecommerce.order.repository.OrderRepositoryTest]: OrderRepositoryTest does not declare any static, non-private, non-final, nested classes annotated with @Configuration.
2026-06-10 12:19:41 - Found @SpringBootConfiguration com.ecommerce.order.OrderServiceApplication for test class com.ecommerce.order.repository.OrderRepositoryTest

  .   ____          _            __ _ _
 /\\ / ___'_ __ _ _(_)_ __  __ _ \ \ \ \
( ( )\___ | '_ | '_| | '_ \/ _` | \ \ \ \
 \\/  ___)| |_)| | | | | || (_| |  ) ) ) )
  '  |____| .__|_| |_|_| |_\__, | / / / /
 =========|_|==============|___/=/_/_/_/

 :: Spring Boot ::                (v3.4.5)

2026-06-10 12:19:41 - Starting OrderRepositoryTest using Java 17.0.14 with PID 21144 (started by nairevan in C:\Users\nairevan\Downloads\github\order-service)
2026-06-10 12:19:41 - Running with Spring Boot v3.4.5, Spring v6.2.6
2026-06-10 12:19:41 - The following 1 profile is active: "dev"
2026-06-10 12:19:41 - Bootstrapping Spring Data JPA repositories in DEFAULT mode.
2026-06-10 12:19:42 - Finished Spring Data repository scanning in 149 ms. Found 2 JPA repository interfaces.
2026-06-10 12:19:42 - Replacing 'dataSource' DataSource bean with embedded version
2026-06-10 12:19:42 - Starting embedded database: url='jdbc:h2:mem:7ad5584a-91d3-4c02-9668-7c19a4faa0ae;DB_CLOSE_DELAY=-1;DB_CLOSE_ON_EXIT=false', username='sa'
2026-06-10 12:19:43 - No LoadTimeWeaver setup: ignoring JPA class transformer
2026-06-10 12:19:44 - HHH000511: The 2.3.232 version for [org.hibernate.dialect.PostgreSQLDialect] is no longer supported, hence certain features may not work properly. The minimum supported version is 12.0.0. Check the community dialects project for available legacy versions.
2026-06-10 12:19:44 - HHH90000025: PostgreSQLDialect does not need to be specified explicitly using 'hibernate.dialect' (remove the property setting and it will be selected by default)
Hibernate: 
    create table order_item (
        order_item_id bigint generated by default as identity,
        item_id varchar(255) not null,
        price numeric(10,2) not null,
        quantity integer not null,
        order_id bigint not null,
        primary key (order_item_id)
    )
Hibernate: 
    create table orders (
        order_id bigint generated by default as identity,
        created_at timestamp(6) not null,
        customer_id bigint not null,
        order_date timestamp(6) not null,
        status varchar(20) not null check (status in ('PENDING','PROCESSING','SHIPPED','DELIVERED','RETURNED','CANCELLED')),
        total_amount numeric(10,2) not null,
        updated_at timestamp(6) not null,
        primary key (order_id)
    )
Hibernate: 
    alter table if exists order_item 
       add constraint FKt4dc2r9nbvbujrljv3e23iibt 
       foreign key (order_id) 
       references orders
2026-06-10 12:19:47 - Initialized JPA EntityManagerFactory for persistence unit 'default'
2026-06-10 12:19:47 - Started OrderRepositoryTest in 6.706 seconds (process running for 22.762)
Hibernate: 
    insert 
    into
        orders
        (created_at, customer_id, order_date, status, total_amount, updated_at) 
    values
        (?, ?, ?, ?, ?, ?)
Hibernate: 
    insert 
    into
        order_item
        (item_id, order_id, price, quantity) 
    values
        (?, ?, ?, ?)
Hibernate: 
    select
        o1_0.order_id,
        o1_0.created_at,
        o1_0.customer_id,
        o1_0.order_date,
        o1_0.status,
        o1_0.total_amount,
        o1_0.updated_at 
    from
        orders o1_0 
    where
        o1_0.status=?
]]></system-out>
  </testcase>
  <testcase name="testFindByCustomerIdAndStatus" classname="com.ecommerce.order.repository.OrderRepositoryTest" time="0.013">
    <system-out><![CDATA[Hibernate: 
    insert 
    into
        orders
        (created_at, customer_id, order_date, status, total_amount, updated_at) 
    values
        (?, ?, ?, ?, ?, ?)
Hibernate: 
    insert 
    into
        order_item
        (item_id, order_id, price, quantity) 
    values
        (?, ?, ?, ?)
Hibernate: 
    select
        o1_0.order_id,
        o1_0.created_at,
        o1_0.customer_id,
        o1_0.order_date,
        o1_0.status,
        o1_0.total_amount,
        o1_0.updated_at 
    from
        orders o1_0 
    where
        o1_0.customer_id=? 
        and o1_0.status=?
]]></system-out>
  </testcase>
  <testcase name="testFindByCustomerId" classname="com.ecommerce.order.repository.OrderRepositoryTest" time="0.017">
    <system-out><![CDATA[Hibernate: 
    insert 
    into
        orders
        (created_at, customer_id, order_date, status, total_amount, updated_at) 
    values
        (?, ?, ?, ?, ?, ?)
Hibernate: 
    insert 
    into
        order_item
        (item_id, order_id, price, quantity) 
    values
        (?, ?, ?, ?)
Hibernate: 
    select
        o1_0.order_id,
        o1_0.created_at,
        o1_0.customer_id,
        o1_0.order_date,
        o1_0.status,
        o1_0.total_amount,
        o1_0.updated_at 
    from
        orders o1_0 
    where
        o1_0.customer_id=?
]]></system-out>
  </testcase>
</testsuite>